Determining if the pthread_create exist failed with the following output:
Change Dir: /tmp/tmp.uqC0tufxzr/cmake-build-remote-pi/CMakeFiles/CMakeTmp

Run Build Command:"/usr/bin/make" "cmTC_ecad3/fast"
/usr/bin/make -f CMakeFiles/cmTC_ecad3.dir/build.make CMakeFiles/cmTC_ecad3.dir/build
make[1]: Verzeichnis „/tmp/tmp.uqC0tufxzr/cmake-build-remote-pi/CMakeFiles/CMakeTmp“ wird betreten
Building C object CMakeFiles/cmTC_ecad3.dir/CheckSymbolExists.c.o
/usr/bin/cc    -o CMakeFiles/cmTC_ecad3.dir/CheckSymbolExists.c.o   -c /tmp/tmp.uqC0tufxzr/cmake-build-remote-pi/CMakeFiles/CMakeTmp/CheckSymbolExists.c
Linking C executable cmTC_ecad3
/usr/bin/cmake -E cmake_link_script CMakeFiles/cmTC_ecad3.dir/link.txt --verbose=1
/usr/bin/cc      CMakeFiles/cmTC_ecad3.dir/CheckSymbolExists.c.o  -o cmTC_ecad3 
/usr/bin/ld: CMakeFiles/cmTC_ecad3.dir/CheckSymbolExists.c.o: in function `main':
CheckSymbolExists.c:(.text+0x38): undefined reference to `pthread_create'
collect2: error: ld returned 1 exit status
make[1]: *** [CMakeFiles/cmTC_ecad3.dir/build.make:87: cmTC_ecad3] Fehler 1
make[1]: Verzeichnis „/tmp/tmp.uqC0tufxzr/cmake-build-remote-pi/CMakeFiles/CMakeTmp“ wird verlassen
make: *** [Makefile:121: cmTC_ecad3/fast] Fehler 2

File /tmp/tmp.uqC0tufxzr/cmake-build-remote-pi/CMakeFiles/CMakeTmp/CheckSymbolExists.c:
/* */
#include <pthread.h>

int main(int argc, char** argv)
{
  (void)argv;
#ifndef pthread_create
  return ((int*)(&pthread_create))[argc];
#else
  (void)argc;
  return 0;
#endif
}

Determining if the function pthread_create exists in the pthreads failed with the following output:
Change Dir: /tmp/tmp.uqC0tufxzr/cmake-build-remote-pi/CMakeFiles/CMakeTmp

Run Build Command:"/usr/bin/make" "cmTC_1adac/fast"
/usr/bin/make -f CMakeFiles/cmTC_1adac.dir/build.make CMakeFiles/cmTC_1adac.dir/build
make[1]: Verzeichnis „/tmp/tmp.uqC0tufxzr/cmake-build-remote-pi/CMakeFiles/CMakeTmp“ wird betreten
Building C object CMakeFiles/cmTC_1adac.dir/CheckFunctionExists.c.o
/usr/bin/cc   -DCHECK_FUNCTION_EXISTS=pthread_create   -o CMakeFiles/cmTC_1adac.dir/CheckFunctionExists.c.o   -c /usr/share/cmake-3.13/Modules/CheckFunctionExists.c
Linking C executable cmTC_1adac
/usr/bin/cmake -E cmake_link_script CMakeFiles/cmTC_1adac.dir/link.txt --verbose=1
/usr/bin/cc  -DCHECK_FUNCTION_EXISTS=pthread_create    CMakeFiles/cmTC_1adac.dir/CheckFunctionExists.c.o  -o cmTC_1adac -lpthreads 
/usr/bin/ld: -lpthreads kann nicht gefunden werden
collect2: error: ld returned 1 exit status
make[1]: *** [CMakeFiles/cmTC_1adac.dir/build.make:87: cmTC_1adac] Fehler 1
make[1]: Verzeichnis „/tmp/tmp.uqC0tufxzr/cmake-build-remote-pi/CMakeFiles/CMakeTmp“ wird verlassen
make: *** [Makefile:121: cmTC_1adac/fast] Fehler 2


